{"/Users/nicolas/Projects/quiz-app/src/App.tsx": {"path":"/Users/nicolas/Projects/quiz-app/src/App.tsx","statementMap":{"0":{"start":{"line":7,"column":12},"end":{"line":22,"column":1}},"1":{"start":{"line":8,"column":38},"end":{"line":8,"column":53}},"2":{"start":{"line":10,"column":2},"end":{"line":16,"column":3}},"3":{"start":{"line":11,"column":4},"end":{"line":15,"column":6}},"4":{"start":{"line":17,"column":2},"end":{"line":21,"column":4}},"5":{"start":{"line":19,"column":70},"end":{"line":19,"column":89}}},"fnMap":{"0":{"name":"(anonymous_0)","decl":{"start":{"line":7,"column":12},"end":{"line":7,"column":13}},"loc":{"start":{"line":7,"column":18},"end":{"line":22,"column":1}},"line":7},"1":{"name":"(anonymous_1)","decl":{"start":{"line":19,"column":64},"end":{"line":19,"column":65}},"loc":{"start":{"line":19,"column":70},"end":{"line":19,"column":89}},"line":19}},"branchMap":{"0":{"loc":{"start":{"line":10,"column":2},"end":{"line":16,"column":3}},"type":"if","locations":[{"start":{"line":10,"column":2},"end":{"line":16,"column":3}},{"start":{},"end":{}}],"line":10}},"s":{"0":1,"1":2,"2":2,"3":1,"4":1,"5":1},"f":{"0":2,"1":1},"b":{"0":[1,1]},"_coverageSchema":"1a1c01bbd47fc00a2c39e90264f33305004495a9","hash":"e6f66d161fa04c2b28c51c3b4a5cc0f5824bc842"}
,"/Users/nicolas/Projects/quiz-app/src/react-app-env.d.ts": {"path":"/Users/nicolas/Projects/quiz-app/src/react-app-env.d.ts","statementMap":{},"fnMap":{},"branchMap":{},"s":{},"f":{},"b":{}}
,"/Users/nicolas/Projects/quiz-app/src/data/data.type.d.ts": {"path":"/Users/nicolas/Projects/quiz-app/src/data/data.type.d.ts","statementMap":{},"fnMap":{},"branchMap":{},"s":{},"f":{},"b":{}}
,"/Users/nicolas/Projects/quiz-app/src/image/Image.component.tsx": {"path":"/Users/nicolas/Projects/quiz-app/src/image/Image.component.tsx","statementMap":{"0":{"start":{"line":3,"column":23},"end":{"line":19,"column":1}},"1":{"start":{"line":4,"column":36},"end":{"line":4,"column":59}},"2":{"start":{"line":5,"column":23},"end":{"line":7,"column":3}},"3":{"start":{"line":6,"column":4},"end":{"line":6,"column":24}},"4":{"start":{"line":9,"column":2},"end":{"line":11,"column":12}},"5":{"start":{"line":10,"column":4},"end":{"line":10,"column":23}},"6":{"start":{"line":13,"column":2},"end":{"line":18,"column":4}}},"fnMap":{"0":{"name":"(anonymous_0)","decl":{"start":{"line":3,"column":23},"end":{"line":3,"column":24}},"loc":{"start":{"line":3,"column":87},"end":{"line":19,"column":1}},"line":3},"1":{"name":"(anonymous_1)","decl":{"start":{"line":5,"column":23},"end":{"line":5,"column":24}},"loc":{"start":{"line":5,"column":29},"end":{"line":7,"column":3}},"line":5},"2":{"name":"(anonymous_2)","decl":{"start":{"line":9,"column":12},"end":{"line":9,"column":13}},"loc":{"start":{"line":9,"column":18},"end":{"line":11,"column":3}},"line":9}},"branchMap":{"0":{"loc":{"start":{"line":15,"column":41},"end":{"line":15,"column":79}},"type":"cond-expr","locations":[{"start":{"line":15,"column":53},"end":{"line":15,"column":62}},{"start":{"line":15,"column":65},"end":{"line":15,"column":79}}],"line":15},"1":{"loc":{"start":{"line":16,"column":52},"end":{"line":16,"column":75}},"type":"cond-expr","locations":[{"start":{"line":16,"column":64},"end":{"line":16,"column":70}},{"start":{"line":16,"column":73},"end":{"line":16,"column":75}}],"line":16}},"s":{"0":3,"1":8,"2":8,"3":0,"4":8,"5":3,"6":8},"f":{"0":8,"1":0,"2":3},"b":{"0":[8,0],"1":[8,0]},"_coverageSchema":"1a1c01bbd47fc00a2c39e90264f33305004495a9","hash":"a56bf00e1b7475394d93f15b04eb9ff0a0dd30ec"}
,"/Users/nicolas/Projects/quiz-app/src/image/index.tsx": {"path":"/Users/nicolas/Projects/quiz-app/src/image/index.tsx","statementMap":{},"fnMap":{},"branchMap":{},"s":{},"f":{},"b":{},"_coverageSchema":"1a1c01bbd47fc00a2c39e90264f33305004495a9","hash":"11dadfff3a02a1640c50d8d7b3439dc0d0bb0d58"}
,"/Users/nicolas/Projects/quiz-app/src/message/Message.component.tsx": {"path":"/Users/nicolas/Projects/quiz-app/src/message/Message.component.tsx","statementMap":{"0":{"start":{"line":7,"column":25},"end":{"line":34,"column":1}},"1":{"start":{"line":10,"column":2},"end":{"line":12,"column":3}},"2":{"start":{"line":11,"column":4},"end":{"line":11,"column":16}},"3":{"start":{"line":14,"column":16},"end":{"line":14,"column":37}},"4":{"start":{"line":15,"column":14},"end":{"line":15,"column":15}},"5":{"start":{"line":16,"column":2},"end":{"line":20,"column":3}},"6":{"start":{"line":16,"column":12},"end":{"line":16,"column":13}},"7":{"start":{"line":17,"column":4},"end":{"line":19,"column":5}},"8":{"start":{"line":18,"column":6},"end":{"line":18,"column":15}},"9":{"start":{"line":21,"column":2},"end":{"line":23,"column":3}},"10":{"start":{"line":22,"column":4},"end":{"line":22,"column":62}},"11":{"start":{"line":25,"column":2},"end":{"line":33,"column":4}}},"fnMap":{"0":{"name":"(anonymous_0)","decl":{"start":{"line":7,"column":25},"end":{"line":7,"column":26}},"loc":{"start":{"line":9,"column":29},"end":{"line":34,"column":1}},"line":9}},"branchMap":{"0":{"loc":{"start":{"line":10,"column":2},"end":{"line":12,"column":3}},"type":"if","locations":[{"start":{"line":10,"column":2},"end":{"line":12,"column":3}},{"start":{},"end":{}}],"line":10},"1":{"loc":{"start":{"line":17,"column":4},"end":{"line":19,"column":5}},"type":"if","locations":[{"start":{"line":17,"column":4},"end":{"line":19,"column":5}},{"start":{},"end":{}}],"line":17},"2":{"loc":{"start":{"line":21,"column":2},"end":{"line":23,"column":3}},"type":"if","locations":[{"start":{"line":21,"column":2},"end":{"line":23,"column":3}},{"start":{},"end":{}}],"line":21}},"s":{"0":2,"1":2,"2":0,"3":2,"4":2,"5":2,"6":2,"7":4,"8":2,"9":2,"10":2,"11":2},"f":{"0":2},"b":{"0":[0,2],"1":[2,2],"2":[2,0]},"_coverageSchema":"1a1c01bbd47fc00a2c39e90264f33305004495a9","hash":"88331de1d4d5808a28d09f10235fc737108f397e"}
,"/Users/nicolas/Projects/quiz-app/src/message/index.tsx": {"path":"/Users/nicolas/Projects/quiz-app/src/message/index.tsx","statementMap":{},"fnMap":{},"branchMap":{},"s":{},"f":{},"b":{},"_coverageSchema":"1a1c01bbd47fc00a2c39e90264f33305004495a9","hash":"3a8b5ac890732de24edf997b181e5f2619bc6b35"}
,"/Users/nicolas/Projects/quiz-app/src/questions/Questions.component.tsx": {"path":"/Users/nicolas/Projects/quiz-app/src/questions/Questions.component.tsx","statementMap":{"0":{"start":{"line":9,"column":26},"end":{"line":21,"column":1}},"1":{"start":{"line":15,"column":18},"end":{"line":15,"column":33}},"2":{"start":{"line":16,"column":2},"end":{"line":18,"column":3}},"3":{"start":{"line":17,"column":4},"end":{"line":17,"column":30}},"4":{"start":{"line":20,"column":2},"end":{"line":20,"column":91}},"5":{"start":{"line":20,"column":52},"end":{"line":20,"column":75}}},"fnMap":{"0":{"name":"(anonymous_0)","decl":{"start":{"line":9,"column":26},"end":{"line":9,"column":27}},"loc":{"start":{"line":14,"column":30},"end":{"line":21,"column":1}},"line":14},"1":{"name":"(anonymous_1)","decl":{"start":{"line":20,"column":46},"end":{"line":20,"column":47}},"loc":{"start":{"line":20,"column":52},"end":{"line":20,"column":75}},"line":20}},"branchMap":{"0":{"loc":{"start":{"line":16,"column":2},"end":{"line":18,"column":3}},"type":"if","locations":[{"start":{"line":16,"column":2},"end":{"line":18,"column":3}},{"start":{},"end":{}}],"line":16},"1":{"loc":{"start":{"line":16,"column":6},"end":{"line":16,"column":26}},"type":"binary-expr","locations":[{"start":{"line":16,"column":6},"end":{"line":16,"column":15}},{"start":{"line":16,"column":19},"end":{"line":16,"column":26}}],"line":16}},"s":{"0":2,"1":13,"2":13,"3":2,"4":13,"5":2},"f":{"0":13,"1":2},"b":{"0":[2,11],"1":[13,4]},"_coverageSchema":"1a1c01bbd47fc00a2c39e90264f33305004495a9","hash":"4a3d9b2fad4dc6690d5f61ee3ce0a17adf9e6ded"}
,"/Users/nicolas/Projects/quiz-app/src/questions/Questions.container.tsx": {"path":"/Users/nicolas/Projects/quiz-app/src/questions/Questions.container.tsx","statementMap":{"0":{"start":{"line":12,"column":27},"end":{"line":81,"column":1}},"1":{"start":{"line":15,"column":44},"end":{"line":15,"column":63}},"2":{"start":{"line":16,"column":48},"end":{"line":16,"column":72}},"3":{"start":{"line":17,"column":32},"end":{"line":17,"column":55}},"4":{"start":{"line":18,"column":38},"end":{"line":18,"column":57}},"5":{"start":{"line":19,"column":24},"end":{"line":28,"column":3}},"6":{"start":{"line":20,"column":4},"end":{"line":20,"column":34}},"7":{"start":{"line":21,"column":4},"end":{"line":21,"column":24}},"8":{"start":{"line":22,"column":4},"end":{"line":22,"column":29}},"9":{"start":{"line":23,"column":4},"end":{"line":23,"column":21}},"10":{"start":{"line":25,"column":4},"end":{"line":27,"column":5}},"11":{"start":{"line":26,"column":6},"end":{"line":26,"column":51}},"12":{"start":{"line":26,"column":23},"end":{"line":26,"column":43}},"13":{"start":{"line":29,"column":29},"end":{"line":34,"column":3}},"14":{"start":{"line":30,"column":4},"end":{"line":33,"column":5}},"15":{"start":{"line":31,"column":6},"end":{"line":31,"column":42}},"16":{"start":{"line":32,"column":6},"end":{"line":32,"column":32}},"17":{"start":{"line":37,"column":2},"end":{"line":57,"column":19}},"18":{"start":{"line":38,"column":21},"end":{"line":50,"column":12}},"19":{"start":{"line":39,"column":6},"end":{"line":41,"column":7}},"20":{"start":{"line":40,"column":8},"end":{"line":40,"column":34}},"21":{"start":{"line":42,"column":6},"end":{"line":42,"column":36}},"22":{"start":{"line":44,"column":6},"end":{"line":49,"column":7}},"23":{"start":{"line":48,"column":8},"end":{"line":48,"column":29}},"24":{"start":{"line":51,"column":4},"end":{"line":54,"column":6}},"25":{"start":{"line":53,"column":6},"end":{"line":53,"column":29}},"26":{"start":{"line":59,"column":2},"end":{"line":61,"column":3}},"27":{"start":{"line":60,"column":4},"end":{"line":60,"column":50}},"28":{"start":{"line":63,"column":2},"end":{"line":80,"column":4}},"29":{"start":{"line":71,"column":8},"end":{"line":77,"column":10}}},"fnMap":{"0":{"name":"(anonymous_0)","decl":{"start":{"line":12,"column":27},"end":{"line":12,"column":28}},"loc":{"start":{"line":14,"column":31},"end":{"line":81,"column":1}},"line":14},"1":{"name":"(anonymous_1)","decl":{"start":{"line":19,"column":24},"end":{"line":19,"column":25}},"loc":{"start":{"line":19,"column":54},"end":{"line":28,"column":3}},"line":19},"2":{"name":"(anonymous_2)","decl":{"start":{"line":26,"column":17},"end":{"line":26,"column":18}},"loc":{"start":{"line":26,"column":23},"end":{"line":26,"column":43}},"line":26},"3":{"name":"(anonymous_3)","decl":{"start":{"line":29,"column":29},"end":{"line":29,"column":30}},"loc":{"start":{"line":29,"column":35},"end":{"line":34,"column":3}},"line":29},"4":{"name":"(anonymous_4)","decl":{"start":{"line":37,"column":12},"end":{"line":37,"column":13}},"loc":{"start":{"line":37,"column":18},"end":{"line":57,"column":3}},"line":37},"5":{"name":"(anonymous_5)","decl":{"start":{"line":38,"column":32},"end":{"line":38,"column":33}},"loc":{"start":{"line":38,"column":38},"end":{"line":50,"column":5}},"line":38},"6":{"name":"(anonymous_6)","decl":{"start":{"line":51,"column":11},"end":{"line":51,"column":12}},"loc":{"start":{"line":51,"column":17},"end":{"line":54,"column":5}},"line":51},"7":{"name":"(anonymous_7)","decl":{"start":{"line":70,"column":44},"end":{"line":70,"column":45}},"loc":{"start":{"line":71,"column":8},"end":{"line":77,"column":10}},"line":71}},"branchMap":{"0":{"loc":{"start":{"line":25,"column":4},"end":{"line":27,"column":5}},"type":"if","locations":[{"start":{"line":25,"column":4},"end":{"line":27,"column":5}},{"start":{},"end":{}}],"line":25},"1":{"loc":{"start":{"line":30,"column":4},"end":{"line":33,"column":5}},"type":"if","locations":[{"start":{"line":30,"column":4},"end":{"line":33,"column":5}},{"start":{},"end":{}}],"line":30},"2":{"loc":{"start":{"line":39,"column":6},"end":{"line":41,"column":7}},"type":"if","locations":[{"start":{"line":39,"column":6},"end":{"line":41,"column":7}},{"start":{},"end":{}}],"line":39},"3":{"loc":{"start":{"line":44,"column":6},"end":{"line":49,"column":7}},"type":"if","locations":[{"start":{"line":44,"column":6},"end":{"line":49,"column":7}},{"start":{},"end":{}}],"line":44},"4":{"loc":{"start":{"line":45,"column":8},"end":{"line":46,"column":63}},"type":"binary-expr","locations":[{"start":{"line":45,"column":8},"end":{"line":45,"column":32}},{"start":{"line":46,"column":8},"end":{"line":46,"column":63}}],"line":45},"5":{"loc":{"start":{"line":59,"column":2},"end":{"line":61,"column":3}},"type":"if","locations":[{"start":{"line":59,"column":2},"end":{"line":61,"column":3}},{"start":{},"end":{}}],"line":59}},"s":{"0":2,"1":10,"2":10,"3":10,"4":10,"5":10,"6":2,"7":2,"8":2,"9":2,"10":2,"11":2,"12":2,"13":10,"14":2,"15":2,"16":2,"17":10,"18":4,"19":1,"20":1,"21":1,"22":1,"23":0,"24":4,"25":4,"26":10,"27":2,"28":8,"29":15},"f":{"0":10,"1":2,"2":2,"3":2,"4":4,"5":1,"6":4,"7":15},"b":{"0":[2,0],"1":[2,0],"2":[1,0],"3":[0,1],"4":[1,1],"5":[2,8]},"_coverageSchema":"1a1c01bbd47fc00a2c39e90264f33305004495a9","hash":"f91ac47c029bc8aaf1d41c2b1d325314cfeb4aaa"}
,"/Users/nicolas/Projects/quiz-app/src/questions/Questions.header.component.tsx": {"path":"/Users/nicolas/Projects/quiz-app/src/questions/Questions.header.component.tsx","statementMap":{"0":{"start":{"line":7,"column":24},"end":{"line":15,"column":1}},"1":{"start":{"line":11,"column":2},"end":{"line":14,"column":11}}},"fnMap":{"0":{"name":"(anonymous_0)","decl":{"start":{"line":7,"column":24},"end":{"line":7,"column":25}},"loc":{"start":{"line":11,"column":2},"end":{"line":14,"column":11}},"line":11}},"branchMap":{},"s":{"0":2,"1":7},"f":{"0":7},"b":{},"_coverageSchema":"1a1c01bbd47fc00a2c39e90264f33305004495a9","hash":"445865f986e7be52184fa26b7e6daa76e82adeb6"}
,"/Users/nicolas/Projects/quiz-app/src/questions/index.tsx": {"path":"/Users/nicolas/Projects/quiz-app/src/questions/index.tsx","statementMap":{},"fnMap":{},"branchMap":{},"s":{},"f":{},"b":{},"_coverageSchema":"1a1c01bbd47fc00a2c39e90264f33305004495a9","hash":"20f4c9b713768b2a5c2c877f32b89bfe7da82ed7"}
,"/Users/nicolas/Projects/quiz-app/src/start/Start.component.tsx": {"path":"/Users/nicolas/Projects/quiz-app/src/start/Start.component.tsx","statementMap":{"0":{"start":{"line":9,"column":14},"end":{"line":19,"column":1}},"1":{"start":{"line":14,"column":2},"end":{"line":18,"column":8}}},"fnMap":{"0":{"name":"(anonymous_0)","decl":{"start":{"line":9,"column":14},"end":{"line":9,"column":15}},"loc":{"start":{"line":14,"column":2},"end":{"line":18,"column":8}},"line":14}},"branchMap":{"0":{"loc":{"start":{"line":16,"column":5},"end":{"line":16,"column":47}},"type":"binary-expr","locations":[{"start":{"line":16,"column":5},"end":{"line":16,"column":10}},{"start":{"line":16,"column":15},"end":{"line":16,"column":46}}],"line":16}},"s":{"0":1,"1":1},"f":{"0":1},"b":{"0":[1,1]},"_coverageSchema":"1a1c01bbd47fc00a2c39e90264f33305004495a9","hash":"5d80bd5eb38d0876fc499044c8de793fbf8d33e4"}
,"/Users/nicolas/Projects/quiz-app/src/start/index.tsx": {"path":"/Users/nicolas/Projects/quiz-app/src/start/index.tsx","statementMap":{},"fnMap":{},"branchMap":{},"s":{},"f":{},"b":{},"_coverageSchema":"1a1c01bbd47fc00a2c39e90264f33305004495a9","hash":"6013688417a1d87f1dcfcb073179b2d3a914b2e3"}
,"/Users/nicolas/Projects/quiz-app/src/timer/index.tsx": {"path":"/Users/nicolas/Projects/quiz-app/src/timer/index.tsx","statementMap":{},"fnMap":{},"branchMap":{},"s":{},"f":{},"b":{},"_coverageSchema":"1a1c01bbd47fc00a2c39e90264f33305004495a9","hash":"780a44d622abedcae794942812c8408ddd64753f"}
,"/Users/nicolas/Projects/quiz-app/src/timer/timer.component.tsx": {"path":"/Users/nicolas/Projects/quiz-app/src/timer/timer.component.tsx","statementMap":{"0":{"start":{"line":7,"column":23},"end":{"line":11,"column":1}},"1":{"start":{"line":10,"column":2},"end":{"line":10,"column":53}}},"fnMap":{"0":{"name":"(anonymous_0)","decl":{"start":{"line":7,"column":23},"end":{"line":7,"column":24}},"loc":{"start":{"line":10,"column":2},"end":{"line":10,"column":53}},"line":10}},"branchMap":{},"s":{"0":2,"1":7},"f":{"0":7},"b":{},"_coverageSchema":"1a1c01bbd47fc00a2c39e90264f33305004495a9","hash":"0cbae931960aa02a0dcc10aaa1eb6487e875cf64"}
}
