TN:
SF:src/App.tsx
FN:7,(anonymous_0)
FN:19,(anonymous_1)
FNF:2
FNH:2
FNDA:2,(anonymous_0)
FNDA:1,(anonymous_1)
DA:7,1
DA:8,2
DA:10,2
DA:11,1
DA:17,1
DA:19,1
LF:6
LH:6
BRDA:10,0,0,1
BRDA:10,0,1,1
BRF:2
BRH:2
end_of_record
TN:
SF:src/react-app-env.d.ts
FNF:0
FNH:0
LF:0
LH:0
BRF:0
BRH:0
end_of_record
TN:
SF:src/data/data.type.d.ts
FNF:0
FNH:0
LF:0
LH:0
BRF:0
BRH:0
end_of_record
TN:
SF:src/image/Image.component.tsx
FN:3,(anonymous_0)
FN:5,(anonymous_1)
FN:9,(anonymous_2)
FNF:3
FNH:2
FNDA:8,(anonymous_0)
FNDA:0,(anonymous_1)
FNDA:3,(anonymous_2)
DA:3,3
DA:4,8
DA:5,8
DA:6,0
DA:9,8
DA:10,3
DA:13,8
LF:7
LH:6
BRDA:15,0,0,8
BRDA:15,0,1,0
BRDA:16,1,0,8
BRDA:16,1,1,0
BRF:4
BRH:2
end_of_record
TN:
SF:src/image/index.tsx
FNF:0
FNH:0
LF:0
LH:0
BRF:0
BRH:0
end_of_record
TN:
SF:src/message/Message.component.tsx
FN:7,(anonymous_0)
FNF:1
FNH:1
FNDA:2,(anonymous_0)
DA:7,2
DA:10,2
DA:11,0
DA:14,2
DA:15,2
DA:16,2
DA:17,4
DA:18,2
DA:21,2
DA:22,2
DA:25,2
LF:11
LH:10
BRDA:10,0,0,0
BRDA:10,0,1,2
BRDA:17,1,0,2
BRDA:17,1,1,2
BRDA:21,2,0,2
BRDA:21,2,1,0
BRF:6
BRH:4
end_of_record
TN:
SF:src/message/index.tsx
FNF:0
FNH:0
LF:0
LH:0
BRF:0
BRH:0
end_of_record
TN:
SF:src/questions/Questions.component.tsx
FN:9,(anonymous_0)
FN:20,(anonymous_1)
FNF:2
FNH:2
FNDA:13,(anonymous_0)
FNDA:2,(anonymous_1)
DA:9,2
DA:15,13
DA:16,13
DA:17,2
DA:20,13
LF:5
LH:5
BRDA:16,0,0,2
BRDA:16,0,1,11
BRDA:16,1,0,13
BRDA:16,1,1,4
BRF:4
BRH:4
end_of_record
TN:
SF:src/questions/Questions.container.tsx
FN:12,(anonymous_0)
FN:19,(anonymous_1)
FN:26,(anonymous_2)
FN:29,(anonymous_3)
FN:37,(anonymous_4)
FN:38,(anonymous_5)
FN:51,(anonymous_6)
FN:70,(anonymous_7)
FNF:8
FNH:8
FNDA:10,(anonymous_0)
FNDA:2,(anonymous_1)
FNDA:2,(anonymous_2)
FNDA:2,(anonymous_3)
FNDA:4,(anonymous_4)
FNDA:1,(anonymous_5)
FNDA:4,(anonymous_6)
FNDA:15,(anonymous_7)
DA:12,2
DA:15,10
DA:16,10
DA:17,10
DA:18,10
DA:19,10
DA:20,2
DA:21,2
DA:22,2
DA:23,2
DA:25,2
DA:26,2
DA:29,10
DA:30,2
DA:31,2
DA:32,2
DA:37,10
DA:38,4
DA:39,1
DA:40,1
DA:42,1
DA:44,1
DA:48,0
DA:51,4
DA:53,4
DA:59,10
DA:60,2
DA:63,8
DA:71,15
LF:29
LH:28
BRDA:25,0,0,2
BRDA:25,0,1,0
BRDA:30,1,0,2
BRDA:30,1,1,0
BRDA:39,2,0,1
BRDA:39,2,1,0
BRDA:44,3,0,0
BRDA:44,3,1,1
BRDA:45,4,0,1
BRDA:45,4,1,1
BRDA:59,5,0,2
BRDA:59,5,1,8
BRF:12
BRH:8
end_of_record
TN:
SF:src/questions/Questions.header.component.tsx
FN:7,(anonymous_0)
FNF:1
FNH:1
FNDA:7,(anonymous_0)
DA:7,2
DA:11,7
LF:2
LH:2
BRF:0
BRH:0
end_of_record
TN:
SF:src/questions/index.tsx
FNF:0
FNH:0
LF:0
LH:0
BRF:0
BRH:0
end_of_record
TN:
SF:src/start/Start.component.tsx
FN:9,(anonymous_0)
FNF:1
FNH:1
FNDA:1,(anonymous_0)
DA:9,1
DA:14,1
LF:2
LH:2
BRDA:16,0,0,1
BRDA:16,0,1,1
BRF:2
BRH:2
end_of_record
TN:
SF:src/start/index.tsx
FNF:0
FNH:0
LF:0
LH:0
BRF:0
BRH:0
end_of_record
TN:
SF:src/timer/index.tsx
FNF:0
FNH:0
LF:0
LH:0
BRF:0
BRH:0
end_of_record
TN:
SF:src/timer/timer.component.tsx
FN:7,(anonymous_0)
FNF:1
FNH:1
FNDA:7,(anonymous_0)
DA:7,2
DA:10,7
LF:2
LH:2
BRF:0
BRH:0
end_of_record
